<?xml version="1.0" encoding="UTF-8"?>
<!-- Generated by org.testng.reporters.JUnitReportReporter -->
<testsuite hostname="DESKTOP-MHPIMKC" failures="0" tests="2" name="com.policybazar.tests.ETE_HealthInsurenceTest" time="10.650" errors="0" timestamp="2023-04-14T09:09:07 IST" skipped="0">
  <testcase classname="com.policybazar.tests.ETE_HealthInsurenceTest" name="validateHomeScreen" time="0.172"/>
  <system-out/>
  <testcase classname="com.policybazar.tests.ETE_HealthInsurenceTest" name="validateE2EForHealth" time="10.478"/>
  <system-out/>
</testsuite> <!-- com.policybazar.tests.ETE_HealthInsurenceTest -->
