<?xml version="1.0" encoding="UTF-8"?>
<!-- Generated by org.testng.reporters.JUnitReportReporter -->
<testsuite hostname="DESKTOP-MHPIMKC" failures="0" tests="1" name="com.policybazar.tests.ETE_HealthInsurence" time="0.200" errors="0" timestamp="2023-04-12T08:48:48 IST" skipped="0">
  <testcase classname="com.policybazar.tests.ETE_HealthInsurence" name="validateHomeScreen" time="0.200"/>
  <system-out/>
</testsuite> <!-- com.policybazar.tests.ETE_HealthInsurence -->
